0	08:13:28.068	Custom indicator Bands EURUSD,M30: loaded successfully
0	08:13:28.082	Bands EURUSD,M30: initialized
0	08:13:28.195	Custom indicator Bands USDJPY,Daily: loaded successfully
0	08:13:28.205	Custom indicator Bands USDJPY,Daily: loaded successfully
0	08:13:28.218	Bands USDJPY,Daily: initialized
0	08:13:28.229	Bands USDJPY,Daily: initialized
0	08:15:57.847	Bands USDJPY,Daily: uninit reason 3
0	08:15:57.847	Bands USDJPY,Daily: uninit reason 3
0	08:15:57.848	Bands USDJPY,M30: initialized
0	08:15:57.848	Bands USDJPY,M30: initialized
3	08:18:28.704	cannot open file 'c:\Program Files\MetaTrader 4\MQL4\Scripts\test101.ex4' [2]
3	08:18:33.034	cannot open file 'c:\Program Files\MetaTrader 4\MQL4\Scripts\test101.ex4' [2]
3	08:18:34.318	cannot open file 'c:\Program Files\MetaTrader 4\MQL4\Scripts\test101.ex4' [2]
3	08:18:35.197	cannot open file 'c:\Program Files\MetaTrader 4\MQL4\Scripts\test101.ex4' [2]
0	08:18:50.574	Script test101 EURUSD,M30: loaded successfully
0	08:18:52.283	test101 EURUSD,M30: initialized
0	08:18:52.310	test101 EURUSD,M30: Alert: 437.13
0	08:18:52.310	test101 EURUSD,M30: uninit reason 0
0	08:18:52.312	Script test101 EURUSD,M30: removed
0	08:19:53.314	Script test101 EURUSD,M30: loaded successfully
0	08:19:55.566	test101 EURUSD,M30: initialized
0	08:19:55.572	test101 EURUSD,M30: Alert: Balance: 437.13
0	08:19:55.572	test101 EURUSD,M30: Alert: Equity: 437.13
0	08:19:55.572	test101 EURUSD,M30: uninit reason 0
0	08:19:55.574	Script test101 EURUSD,M30: removed
0	08:28:37.967	Script test101 EURUSD,M30: loaded successfully
0	08:28:39.948	test101 EURUSD,M30: initialized
0	08:28:39.970	test101 EURUSD,M30: Alert: Equity: 437.13
0	08:28:39.970	test101 EURUSD,M30: Alert: Lot size: 100000
0	08:28:39.970	test101 EURUSD,M30: uninit reason 0
0	08:28:39.972	Script test101 EURUSD,M30: removed
0	08:28:48.515	Script test101 USDJPY,M30: loaded successfully
0	08:28:50.314	test101 USDJPY,M30: initialized
0	08:28:50.337	test101 USDJPY,M30: Alert: Equity: 437.13
0	08:28:50.337	test101 USDJPY,M30: Alert: Lot size: 100000
0	08:28:50.337	test101 USDJPY,M30: uninit reason 0
0	08:28:50.339	Script test101 USDJPY,M30: removed
0	08:28:57.947	Script test101 USDCAD,Daily: loaded successfully
0	08:28:59.706	test101 USDCAD,Daily: initialized
0	08:28:59.734	test101 USDCAD,Daily: Alert: Equity: 437.13
0	08:28:59.734	test101 USDCAD,Daily: Alert: Lot size: 100000
0	08:28:59.734	test101 USDCAD,Daily: uninit reason 0
0	08:28:59.736	Script test101 USDCAD,Daily: removed
0	08:32:42.270	Script test101 USDCAD,Daily: loaded successfully
0	08:32:44.769	test101 USDCAD,Daily: initialized
0	08:32:44.769	test101 USDCAD,Daily: Alert: Equity: 437.13
0	08:32:44.769	test101 USDCAD,Daily: Alert: Lot size: 100000
0	08:32:44.769	test101 USDCAD,Daily: Alert: Tick value: 1.0
0	08:32:44.769	test101 USDCAD,Daily: uninit reason 0
0	08:32:44.770	Script test101 USDCAD,Daily: removed
0	08:32:50.897	Script test101 USDJPY,M30: loaded successfully
0	08:32:52.704	test101 USDJPY,M30: initialized
0	08:32:52.704	test101 USDJPY,M30: Alert: Equity: 437.13
0	08:32:52.704	test101 USDJPY,M30: Alert: Lot size: 100000
0	08:32:52.704	test101 USDJPY,M30: Alert: Tick value: 1.172401664810364
0	08:32:52.704	test101 USDJPY,M30: uninit reason 0
0	08:32:52.705	Script test101 USDJPY,M30: removed
0	08:33:41.497	Script BBIndicator USDCAD,Daily: loaded successfully
0	08:33:41.508	BBIndicator USDCAD,Daily: initialized
0	08:33:41.523	BBIndicator USDCAD,Daily: Alert: Price is above bbLower1, Sending short order...
0	08:33:41.523	BBIndicator USDCAD,Daily: Alert: Entry Price = 1.27331
0	08:33:41.526	BBIndicator USDCAD,Daily: Alert: Stop Loss Price = 1.288396170532505
0	08:33:41.528	BBIndicator USDCAD,Daily: Alert: Take Profit Price = 1.266207500000002
2	08:33:41.574	BBIndicator USDCAD,Daily: open #169546067 sell limit 0.10 USDCAD at 1.27331 sl: 1.28840 tp: 1.26621 ok
0	08:33:41.574	BBIndicator USDCAD,Daily: Alert: Order sent successfully!
0	08:33:41.574	BBIndicator USDCAD,Daily: uninit reason 0
0	08:33:41.575	Script BBIndicator USDCAD,Daily: removed
0	08:34:26.068	Script test101 EURUSD,M30: loaded successfully
0	08:34:28.108	test101 EURUSD,M30: initialized
0	08:34:28.111	test101 EURUSD,M30: Alert: Equity: 435.93
0	08:34:28.111	test101 EURUSD,M30: Alert: Lot size: 100000
0	08:34:28.112	test101 EURUSD,M30: Alert: Tick value: 1.27327
0	08:34:28.112	test101 EURUSD,M30: uninit reason 0
0	08:34:28.113	Script test101 EURUSD,M30: removed
0	08:34:37.685	Script test101 USDJPY,M30: loaded successfully
0	08:34:40.021	test101 USDJPY,M30: initialized
0	08:34:40.021	test101 USDJPY,M30: Alert: Equity: 431.73
0	08:34:40.021	test101 USDJPY,M30: Alert: Lot size: 100000
0	08:34:40.021	test101 USDJPY,M30: Alert: Tick value: 1.172869189899251
0	08:34:40.021	test101 USDJPY,M30: uninit reason 0
0	08:34:40.022	Script test101 USDJPY,M30: removed
0	08:35:29.525	Script test101 USDCAD,Daily: loaded successfully
0	08:35:31.021	test101 USDCAD,Daily: initialized
0	08:35:31.036	test101 USDCAD,Daily: Alert: Equity: 449.03
0	08:35:31.036	test101 USDCAD,Daily: Alert: Lot size: 100000
0	08:35:31.037	test101 USDCAD,Daily: Alert: Tick value: 1.0
0	08:35:31.037	test101 USDCAD,Daily: uninit reason 0
0	08:35:31.038	Script test101 USDCAD,Daily: removed
0	08:38:51.110	Bands EURUSD,M30: uninit reason 3
0	08:38:51.114	Bands EURAUD,M30: initialized
0	08:38:55.527	Script test101 EURAUD,M30: loaded successfully
0	08:38:57.502	test101 EURAUD,M30: initialized
0	08:38:57.502	test101 EURAUD,M30: Alert: Equity: 459.23
0	08:38:57.502	test101 EURAUD,M30: Alert: Lot size: 100000
0	08:38:57.502	test101 EURAUD,M30: Alert: Tick value: 0.9717600000000001
0	08:38:57.502	test101 EURAUD,M30: uninit reason 0
0	08:38:57.504	Script test101 EURAUD,M30: removed
