0	20:14:55.640	Compiling 'MACD Sample'
0	20:14:55.640	Compiling 'Moving Average'
0	20:14:58.999	Compiling 'Accelerator'
0	20:14:58.999	Compiling 'Accumulation'
0	20:14:58.999	Compiling 'Alligator'
0	20:14:58.999	Compiling 'ATR'
0	20:14:58.999	Compiling 'Awesome'
0	20:14:58.999	Compiling 'Bands'
0	20:14:59.000	Compiling 'Bears'
0	20:14:59.000	Compiling 'Bulls'
0	20:14:59.000	Compiling 'CCI'
0	20:14:59.000	Compiling 'Custom Moving Averages'
0	20:14:59.000	Compiling 'Heiken Ashi'
0	20:14:59.000	Compiling 'Ichimoku'
0	20:14:59.000	Compiling 'iExposure'
0	20:14:59.001	Compiling 'MACD'
0	20:14:59.001	Compiling 'Momentum'
0	20:14:59.001	Compiling 'OsMA'
0	20:14:59.001	Compiling 'Parabolic'
0	20:14:59.001	Compiling 'RSI'
0	20:14:59.001	Compiling 'Stochastic'
0	20:14:59.001	Compiling 'ZigZag'
0	20:14:59.004	Compiling 'SimplePanel'
0	20:15:04.801	Compiling 'PeriodConverter'
0	20:15:04.802	Compiling 'DLLSampleTester'
0	20:15:04.803	Compiling 'PipeClient'
0	20:15:04.803	Compiling 'PipeClientPure'
0	20:15:08.288	Compiling 'stdlib'
0	23:09:04.927	Automated trading enabled
